INFO  2026-Apr-19 23:04:00  setUpBrowser :25 - Launching CHROME browser:
INFO  2026-Apr-19 23:04:05  setUpBrowser :32 - Navigated to url: https://tutorialsninja.com/demo/index.php
INFO  2026-Apr-19 23:04:05  verifyAccountRegistration :13 - Test case: Register to account as a new user! 
INFO  2026-Apr-19 23:04:05  verifyAccountRegistration :16 - Navigated to Home page: 
INFO  2026-Apr-19 23:04:05  clickOnMyAccount :21 - Click MyAccount: [[ChromeDriver: chrome on windows (80e44184d2d30380938043ad6d67a933)] -> xpath: //span[text() = 'My Account']]
INFO  2026-Apr-19 23:04:06  clickOnRegisterLink :26 - Click Register link: [[ChromeDriver: chrome on windows (80e44184d2d30380938043ad6d67a933)] -> xpath: //a[normalize-space() = 'Register']]
INFO  2026-Apr-19 23:04:06  verifyAccountRegistration :20 - Navigated to Account Register Page:
INFO  2026-Apr-19 23:04:06  setFirstName :49 - Entered FirstName: [[ChromeDriver: chrome on windows (80e44184d2d30380938043ad6d67a933)] -> id: input-firstname]
INFO  2026-Apr-19 23:04:06  setLastName :54 - Entered LastName: [[ChromeDriver: chrome on windows (80e44184d2d30380938043ad6d67a933)] -> name: lastname]
INFO  2026-Apr-19 23:04:07  setEmail :59 - Entered email: [[ChromeDriver: chrome on windows (80e44184d2d30380938043ad6d67a933)] -> id: input-email]
INFO  2026-Apr-19 23:04:07  setTelephoneNumber :64 - Entered telephoneNumber: [[ChromeDriver: chrome on windows (80e44184d2d30380938043ad6d67a933)] -> xpath: //input[@type= 'tel']]
INFO  2026-Apr-19 23:04:07  setPassword :69 - Entered password: [[ChromeDriver: chrome on windows (80e44184d2d30380938043ad6d67a933)] -> xpath: //input[@placeholder= 'Password']]
INFO  2026-Apr-19 23:04:07  setPasswordConfirm :74 - Entered passwordConfirm: [[ChromeDriver: chrome on windows (80e44184d2d30380938043ad6d67a933)] -> css selector: input#input-confirm]
INFO  2026-Apr-19 23:04:07  selectPrivacyPolicy :100 - Checked Privacy policy: [[ChromeDriver: chrome on windows (80e44184d2d30380938043ad6d67a933)] -> id: input-firstname]
INFO  2026-Apr-19 23:04:24  clickContinue :106 - Click Continue button: Proxy element for: DefaultElementLocator 'By.id: input-firstname'
INFO  2026-Apr-19 23:04:24  getMessage :112 - Fetching response message: 
INFO  2026-Apr-19 23:04:24  verifyAccountRegistration :38 - Created new account with username: Tim2
INFO  2026-Apr-19 23:04:24  tearDown :37 - Closing the browser
INFO  2026-Apr-19 23:14:04  setUpBrowser :25 - Launching CHROME browser:
INFO  2026-Apr-19 23:14:11  setUpBrowser :32 - Navigated to url: https://tutorialsninja.com/demo/index.php
INFO  2026-Apr-19 23:14:11  verifyAccountRegistration :13 - Test case: Register to account as a new user! 
INFO  2026-Apr-19 23:14:11  verifyAccountRegistration :16 - Navigated to Home page: 
INFO  2026-Apr-19 23:14:11  clickOnMyAccount :21 - Click MyAccount: [[ChromeDriver: chrome on windows (9c03e0f24483e09f85c9a110345dd196)] -> xpath: //span[text() = 'My Account']]
INFO  2026-Apr-19 23:14:12  clickOnRegisterLink :26 - Click Register link: [[ChromeDriver: chrome on windows (9c03e0f24483e09f85c9a110345dd196)] -> xpath: //a[normalize-space() = 'Register']]
INFO  2026-Apr-19 23:14:13  verifyAccountRegistration :20 - Navigated to Account Register Page:
INFO  2026-Apr-19 23:14:14  setFirstName :49 - Entered FirstName: [[ChromeDriver: chrome on windows (9c03e0f24483e09f85c9a110345dd196)] -> id: input-firstname]
INFO  2026-Apr-19 23:14:14  setLastName :54 - Entered LastName: [[ChromeDriver: chrome on windows (9c03e0f24483e09f85c9a110345dd196)] -> name: lastname]
INFO  2026-Apr-19 23:14:15  setEmail :59 - Entered email: [[ChromeDriver: chrome on windows (9c03e0f24483e09f85c9a110345dd196)] -> id: input-email]
INFO  2026-Apr-19 23:14:15  setTelephoneNumber :64 - Entered telephoneNumber: [[ChromeDriver: chrome on windows (9c03e0f24483e09f85c9a110345dd196)] -> xpath: //input[@type= 'tel']]
INFO  2026-Apr-19 23:14:16  setPassword :69 - Entered password: [[ChromeDriver: chrome on windows (9c03e0f24483e09f85c9a110345dd196)] -> xpath: //input[@placeholder= 'Password']]
INFO  2026-Apr-19 23:14:16  setPasswordConfirm :74 - Entered passwordConfirm: [[ChromeDriver: chrome on windows (9c03e0f24483e09f85c9a110345dd196)] -> css selector: input#input-confirm]
INFO  2026-Apr-19 23:14:16  selectPrivacyPolicy :100 - Checked Privacy policy: [[ChromeDriver: chrome on windows (9c03e0f24483e09f85c9a110345dd196)] -> id: input-firstname]
INFO  2026-Apr-19 23:14:17  clickContinue :106 - Click Continue button: [[ChromeDriver: chrome on windows (9c03e0f24483e09f85c9a110345dd196)] -> id: input-firstname]
INFO  2026-Apr-19 23:14:17  getMessage :112 - Fetching response message: 
INFO  2026-Apr-19 23:14:17  tearDown :37 - Closing the browser
INFO  2026-Apr-19 23:52:12  initDriver : - Running on OS: windows
INFO  2026-Apr-19 23:52:12  initDriver : - Launching browser: chrome
INFO  2026-Apr-19 23:52:17  setUpBrowser : - Navigated to url: https://tutorialsninja.com/demo/index.php
INFO  2026-Apr-19 23:52:17  verifyAccountRegistration : - Test case: Register to account as a new user! 
INFO  2026-Apr-19 23:52:17  verifyAccountRegistration : - Navigated to Home page: 
INFO  2026-Apr-19 23:52:17  clickOnMyAccount : - Click MyAccount: [[ChromeDriver: chrome on windows (09f80fb1617af68d929881db9fe31ea9)] -> xpath: //span[text() = 'My Account']]
INFO  2026-Apr-19 23:52:18  clickOnRegisterLink : - Click Register link: [[ChromeDriver: chrome on windows (09f80fb1617af68d929881db9fe31ea9)] -> xpath: //a[normalize-space() = 'Register']]
INFO  2026-Apr-19 23:52:19  verifyAccountRegistration : - Navigated to Account Register Page:
INFO  2026-Apr-19 23:52:19  setFirstName : - Entered FirstName: [[ChromeDriver: chrome on windows (09f80fb1617af68d929881db9fe31ea9)] -> id: input-firstname]
INFO  2026-Apr-19 23:52:19  setLastName : - Entered LastName: [[ChromeDriver: chrome on windows (09f80fb1617af68d929881db9fe31ea9)] -> name: lastname]
INFO  2026-Apr-19 23:52:19  setEmail : - Entered email: [[ChromeDriver: chrome on windows (09f80fb1617af68d929881db9fe31ea9)] -> id: input-email]
INFO  2026-Apr-19 23:52:20  setTelephoneNumber : - Entered telephoneNumber: [[ChromeDriver: chrome on windows (09f80fb1617af68d929881db9fe31ea9)] -> xpath: //input[@type= 'tel']]
INFO  2026-Apr-19 23:52:20  setPassword : - Entered password: [[ChromeDriver: chrome on windows (09f80fb1617af68d929881db9fe31ea9)] -> xpath: //input[@placeholder= 'Password']]
INFO  2026-Apr-19 23:52:20  setPasswordConfirm : - Entered passwordConfirm: [[ChromeDriver: chrome on windows (09f80fb1617af68d929881db9fe31ea9)] -> css selector: input#input-confirm]
INFO  2026-Apr-19 23:52:20  selectPrivacyPolicy : - Checked Privacy policy: [[ChromeDriver: chrome on windows (09f80fb1617af68d929881db9fe31ea9)] -> id: input-firstname]
INFO  2026-Apr-19 23:52:21  clickContinue : - Click Continue button: [[ChromeDriver: chrome on windows (09f80fb1617af68d929881db9fe31ea9)] -> id: input-firstname]
INFO  2026-Apr-19 23:52:21  getMessage : - Fetching response message: 
INFO  2026-Apr-19 23:52:21  tearDown : - Closing the browser
INFO  2026-Apr-19 23:52:23  initDriver : - Running on OS: windows
INFO  2026-Apr-19 23:52:23  initDriver : - Launching browser: firefox
INFO  2026-Apr-19 23:52:38  setUpBrowser : - Navigated to url: https://tutorialsninja.com/demo/index.php
INFO  2026-Apr-19 23:52:38  verifyAccountRegistration : - Test case: Register to account as a new user! 
INFO  2026-Apr-19 23:52:38  verifyAccountRegistration : - Navigated to Home page: 
INFO  2026-Apr-19 23:52:39  clickOnMyAccount : - Click MyAccount: [[FirefoxDriver: firefox on windows (0edc3253-6ab1-4322-bbd3-be9a9dc26a2c)] -> xpath: //span[text() = 'My Account']]
INFO  2026-Apr-19 23:52:39  clickOnRegisterLink : - Click Register link: [[FirefoxDriver: firefox on windows (0edc3253-6ab1-4322-bbd3-be9a9dc26a2c)] -> xpath: //a[normalize-space() = 'Register']]
INFO  2026-Apr-19 23:52:40  verifyAccountRegistration : - Navigated to Account Register Page:
INFO  2026-Apr-19 23:52:40  setFirstName : - Entered FirstName: [[FirefoxDriver: firefox on windows (0edc3253-6ab1-4322-bbd3-be9a9dc26a2c)] -> id: input-firstname]
INFO  2026-Apr-19 23:52:40  setLastName : - Entered LastName: [[FirefoxDriver: firefox on windows (0edc3253-6ab1-4322-bbd3-be9a9dc26a2c)] -> name: lastname]
INFO  2026-Apr-19 23:52:40  setEmail : - Entered email: [[FirefoxDriver: firefox on windows (0edc3253-6ab1-4322-bbd3-be9a9dc26a2c)] -> id: input-email]
INFO  2026-Apr-19 23:52:40  setTelephoneNumber : - Entered telephoneNumber: [[FirefoxDriver: firefox on windows (0edc3253-6ab1-4322-bbd3-be9a9dc26a2c)] -> xpath: //input[@type= 'tel']]
INFO  2026-Apr-19 23:52:40  setPassword : - Entered password: [[FirefoxDriver: firefox on windows (0edc3253-6ab1-4322-bbd3-be9a9dc26a2c)] -> xpath: //input[@placeholder= 'Password']]
INFO  2026-Apr-19 23:52:40  setPasswordConfirm : - Entered passwordConfirm: [[FirefoxDriver: firefox on windows (0edc3253-6ab1-4322-bbd3-be9a9dc26a2c)] -> css selector: input#input-confirm]
INFO  2026-Apr-19 23:52:40  selectPrivacyPolicy : - Checked Privacy policy: [[FirefoxDriver: firefox on windows (0edc3253-6ab1-4322-bbd3-be9a9dc26a2c)] -> id: input-firstname]
INFO  2026-Apr-19 23:52:41  clickContinue : - Click Continue button: [[FirefoxDriver: firefox on windows (0edc3253-6ab1-4322-bbd3-be9a9dc26a2c)] -> id: input-firstname]
INFO  2026-Apr-19 23:52:41  getMessage : - Fetching response message: 
INFO  2026-Apr-19 23:52:41  tearDown : - Closing the browser
INFO  2026-Apr-19 23:52:43  initDriver : - Running on OS: windows
INFO  2026-Apr-19 23:52:43  initDriver : - Launching browser: edge
INFO  2026-Apr-19 23:52:51  setUpBrowser : - Navigated to url: https://tutorialsninja.com/demo/index.php
INFO  2026-Apr-19 23:52:51  verifyAccountRegistration : - Test case: Register to account as a new user! 
INFO  2026-Apr-19 23:52:51  verifyAccountRegistration : - Navigated to Home page: 
INFO  2026-Apr-19 23:52:51  clickOnMyAccount : - Click MyAccount: [[EdgeDriver: MicrosoftEdge on windows (2655cebd07553ec23a2fc05e8413ad96)] -> xpath: //span[text() = 'My Account']]
INFO  2026-Apr-19 23:52:51  clickOnRegisterLink : - Click Register link: [[EdgeDriver: MicrosoftEdge on windows (2655cebd07553ec23a2fc05e8413ad96)] -> xpath: //a[normalize-space() = 'Register']]
INFO  2026-Apr-19 23:52:52  verifyAccountRegistration : - Navigated to Account Register Page:
INFO  2026-Apr-19 23:52:53  setFirstName : - Entered FirstName: [[EdgeDriver: MicrosoftEdge on windows (2655cebd07553ec23a2fc05e8413ad96)] -> id: input-firstname]
INFO  2026-Apr-19 23:52:53  setLastName : - Entered LastName: [[EdgeDriver: MicrosoftEdge on windows (2655cebd07553ec23a2fc05e8413ad96)] -> name: lastname]
INFO  2026-Apr-19 23:52:53  setEmail : - Entered email: [[EdgeDriver: MicrosoftEdge on windows (2655cebd07553ec23a2fc05e8413ad96)] -> id: input-email]
INFO  2026-Apr-19 23:52:54  setTelephoneNumber : - Entered telephoneNumber: [[EdgeDriver: MicrosoftEdge on windows (2655cebd07553ec23a2fc05e8413ad96)] -> xpath: //input[@type= 'tel']]
INFO  2026-Apr-19 23:52:54  setPassword : - Entered password: [[EdgeDriver: MicrosoftEdge on windows (2655cebd07553ec23a2fc05e8413ad96)] -> xpath: //input[@placeholder= 'Password']]
INFO  2026-Apr-19 23:52:55  setPasswordConfirm : - Entered passwordConfirm: [[EdgeDriver: MicrosoftEdge on windows (2655cebd07553ec23a2fc05e8413ad96)] -> css selector: input#input-confirm]
INFO  2026-Apr-19 23:52:55  selectPrivacyPolicy : - Checked Privacy policy: [[EdgeDriver: MicrosoftEdge on windows (2655cebd07553ec23a2fc05e8413ad96)] -> id: input-firstname]
INFO  2026-Apr-19 23:52:56  clickContinue : - Click Continue button: [[EdgeDriver: MicrosoftEdge on windows (2655cebd07553ec23a2fc05e8413ad96)] -> id: input-firstname]
INFO  2026-Apr-19 23:52:56  getMessage : - Fetching response message: 
INFO  2026-Apr-19 23:52:56  tearDown : - Closing the browser
INFO  2026-Apr-19 23:53:21  initDriver : - Running on OS: windows
INFO  2026-Apr-19 23:53:21  initDriver : - Running on OS: windows
INFO  2026-Apr-19 23:53:21  initDriver : - Launching browser: chrome
INFO  2026-Apr-19 23:53:21  initDriver : - Running on OS: windows
INFO  2026-Apr-19 23:53:21  initDriver : - Launching browser: edge
INFO  2026-Apr-19 23:53:21  initDriver : - Launching browser: firefox
INFO  2026-Apr-19 23:53:28  setUpBrowser : - Navigated to url: https://tutorialsninja.com/demo/index.php
INFO  2026-Apr-19 23:53:28  verifyAccountRegistration : - Test case: Register to account as a new user! 
INFO  2026-Apr-19 23:53:29  verifyAccountRegistration : - Navigated to Home page: 
INFO  2026-Apr-19 23:53:29  setUpBrowser : - Navigated to url: https://tutorialsninja.com/demo/index.php
INFO  2026-Apr-19 23:53:29  verifyAccountRegistration : - Test case: Register to account as a new user! 
INFO  2026-Apr-19 23:53:29  verifyAccountRegistration : - Navigated to Home page: 
INFO  2026-Apr-19 23:53:29  clickOnMyAccount : - Click MyAccount: [[ChromeDriver: chrome on windows (080dcd8fbe64cf89f146464ae7895339)] -> xpath: //span[text() = 'My Account']]
INFO  2026-Apr-19 23:53:30  clickOnMyAccount : - Click MyAccount: [[EdgeDriver: MicrosoftEdge on windows (8d2516b2868d36722265d1cbe4ed8bf9)] -> xpath: //span[text() = 'My Account']]
INFO  2026-Apr-19 23:53:30  clickOnRegisterLink : - Click Register link: [[ChromeDriver: chrome on windows (080dcd8fbe64cf89f146464ae7895339)] -> xpath: //a[normalize-space() = 'Register']]
INFO  2026-Apr-19 23:53:31  clickOnRegisterLink : - Click Register link: [[EdgeDriver: MicrosoftEdge on windows (8d2516b2868d36722265d1cbe4ed8bf9)] -> xpath: //a[normalize-space() = 'Register']]
INFO  2026-Apr-19 23:53:32  verifyAccountRegistration : - Navigated to Account Register Page:
INFO  2026-Apr-19 23:53:33  setFirstName : - Entered FirstName: [[ChromeDriver: chrome on windows (080dcd8fbe64cf89f146464ae7895339)] -> id: input-firstname]
INFO  2026-Apr-19 23:53:36  verifyAccountRegistration : - Navigated to Account Register Page:
INFO  2026-Apr-19 23:53:36  setLastName : - Entered LastName: [[ChromeDriver: chrome on windows (080dcd8fbe64cf89f146464ae7895339)] -> name: lastname]
INFO  2026-Apr-19 23:53:39  setUpBrowser : - Navigated to url: https://tutorialsninja.com/demo/index.php
INFO  2026-Apr-19 23:53:39  verifyAccountRegistration : - Test case: Register to account as a new user! 
INFO  2026-Apr-19 23:53:39  verifyAccountRegistration : - Navigated to Home page: 
INFO  2026-Apr-19 23:53:39  clickOnMyAccount : - Click MyAccount: [[FirefoxDriver: firefox on windows (486cfa86-2b6b-4e39-abb7-ba34ceb14195)] -> xpath: //span[text() = 'My Account']]
INFO  2026-Apr-19 23:53:39  clickOnRegisterLink : - Click Register link: [[FirefoxDriver: firefox on windows (486cfa86-2b6b-4e39-abb7-ba34ceb14195)] -> xpath: //a[normalize-space() = 'Register']]
INFO  2026-Apr-19 23:53:40  verifyAccountRegistration : - Navigated to Account Register Page:
INFO  2026-Apr-19 23:53:40  setFirstName : - Entered FirstName: [[FirefoxDriver: firefox on windows (486cfa86-2b6b-4e39-abb7-ba34ceb14195)] -> id: input-firstname]
INFO  2026-Apr-19 23:53:40  setLastName : - Entered LastName: [[FirefoxDriver: firefox on windows (486cfa86-2b6b-4e39-abb7-ba34ceb14195)] -> name: lastname]
INFO  2026-Apr-19 23:53:40  setEmail : - Entered email: [[FirefoxDriver: firefox on windows (486cfa86-2b6b-4e39-abb7-ba34ceb14195)] -> id: input-email]
INFO  2026-Apr-19 23:53:40  setTelephoneNumber : - Entered telephoneNumber: [[FirefoxDriver: firefox on windows (486cfa86-2b6b-4e39-abb7-ba34ceb14195)] -> xpath: //input[@type= 'tel']]
INFO  2026-Apr-19 23:53:40  setPassword : - Entered password: [[FirefoxDriver: firefox on windows (486cfa86-2b6b-4e39-abb7-ba34ceb14195)] -> xpath: //input[@placeholder= 'Password']]
INFO  2026-Apr-19 23:53:41  setPasswordConfirm : - Entered passwordConfirm: [[FirefoxDriver: firefox on windows (486cfa86-2b6b-4e39-abb7-ba34ceb14195)] -> css selector: input#input-confirm]
INFO  2026-Apr-19 23:53:41  selectPrivacyPolicy : - Checked Privacy policy: [[FirefoxDriver: firefox on windows (486cfa86-2b6b-4e39-abb7-ba34ceb14195)] -> id: input-firstname]
INFO  2026-Apr-19 23:53:42  clickContinue : - Click Continue button: [[FirefoxDriver: firefox on windows (486cfa86-2b6b-4e39-abb7-ba34ceb14195)] -> id: input-firstname]
INFO  2026-Apr-19 23:53:42  getMessage : - Fetching response message: 
INFO  2026-Apr-19 23:53:42  tearDown : - Closing the browser
INFO  2026-Apr-19 23:53:42  setFirstName : - Entered FirstName: [[EdgeDriver: MicrosoftEdge on windows (8d2516b2868d36722265d1cbe4ed8bf9)] -> id: input-firstname]
INFO  2026-Apr-19 23:53:42  setEmail : - Entered email: [[ChromeDriver: chrome on windows (080dcd8fbe64cf89f146464ae7895339)] -> id: input-email]
INFO  2026-Apr-19 23:53:45  setTelephoneNumber : - Entered telephoneNumber: [[ChromeDriver: chrome on windows (080dcd8fbe64cf89f146464ae7895339)] -> xpath: //input[@type= 'tel']]
INFO  2026-Apr-19 23:53:45  setLastName : - Entered LastName: [[EdgeDriver: MicrosoftEdge on windows (8d2516b2868d36722265d1cbe4ed8bf9)] -> name: lastname]
INFO  2026-Apr-19 23:53:46  setPassword : - Entered password: [[ChromeDriver: chrome on windows (080dcd8fbe64cf89f146464ae7895339)] -> xpath: //input[@placeholder= 'Password']]
INFO  2026-Apr-19 23:53:46  setEmail : - Entered email: [[EdgeDriver: MicrosoftEdge on windows (8d2516b2868d36722265d1cbe4ed8bf9)] -> id: input-email]
INFO  2026-Apr-19 23:53:46  setPasswordConfirm : - Entered passwordConfirm: [[ChromeDriver: chrome on windows (080dcd8fbe64cf89f146464ae7895339)] -> css selector: input#input-confirm]
INFO  2026-Apr-19 23:53:47  setTelephoneNumber : - Entered telephoneNumber: [[EdgeDriver: MicrosoftEdge on windows (8d2516b2868d36722265d1cbe4ed8bf9)] -> xpath: //input[@type= 'tel']]
INFO  2026-Apr-19 23:53:47  setPassword : - Entered password: [[EdgeDriver: MicrosoftEdge on windows (8d2516b2868d36722265d1cbe4ed8bf9)] -> xpath: //input[@placeholder= 'Password']]
INFO  2026-Apr-19 23:53:47  selectPrivacyPolicy : - Checked Privacy policy: [[ChromeDriver: chrome on windows (080dcd8fbe64cf89f146464ae7895339)] -> id: input-firstname]
INFO  2026-Apr-19 23:53:48  setPasswordConfirm : - Entered passwordConfirm: [[EdgeDriver: MicrosoftEdge on windows (8d2516b2868d36722265d1cbe4ed8bf9)] -> css selector: input#input-confirm]
INFO  2026-Apr-19 23:53:48  clickContinue : - Click Continue button: [[ChromeDriver: chrome on windows (080dcd8fbe64cf89f146464ae7895339)] -> id: input-firstname]
INFO  2026-Apr-19 23:53:48  getMessage : - Fetching response message: 
INFO  2026-Apr-19 23:53:49  tearDown : - Closing the browser
INFO  2026-Apr-19 23:53:49  selectPrivacyPolicy : - Checked Privacy policy: [[EdgeDriver: MicrosoftEdge on windows (8d2516b2868d36722265d1cbe4ed8bf9)] -> id: input-firstname]
INFO  2026-Apr-19 23:53:49  clickContinue : - Click Continue button: [[EdgeDriver: MicrosoftEdge on windows (8d2516b2868d36722265d1cbe4ed8bf9)] -> id: input-firstname]
INFO  2026-Apr-19 23:53:50  getMessage : - Fetching response message: 
INFO  2026-Apr-19 23:53:50  tearDown : - Closing the browser
INFO  2026-Apr-20 10:46:51  initDriver : - Running on OS: windows
INFO  2026-Apr-20 10:46:51  initDriver : - Running on OS: windows
INFO  2026-Apr-20 10:46:51  initDriver : - Running on OS: windows
INFO  2026-Apr-20 10:46:51  initDriver : - Launching browser: firefox
INFO  2026-Apr-20 10:46:51  initDriver : - Launching browser: edge
INFO  2026-Apr-20 10:46:51  initDriver : - Launching browser: chrome
INFO  2026-Apr-20 10:48:33  initDriver : - Running on OS: windows
INFO  2026-Apr-20 10:48:33  initDriver : - Running on OS: windows
INFO  2026-Apr-20 10:48:33  initDriver : - Running on OS: windows
INFO  2026-Apr-20 10:48:33  initDriver : - Launching browser: firefox
INFO  2026-Apr-20 10:48:33  initDriver : - Launching browser: edge
INFO  2026-Apr-20 10:48:33  initDriver : - Launching browser: chrome
INFO  2026-Apr-20 10:49:28  initDriver : - Running on OS: windows
INFO  2026-Apr-20 10:49:28  initDriver : - Running on OS: windows
INFO  2026-Apr-20 10:49:28  initDriver : - Running on OS: windows
INFO  2026-Apr-20 10:49:28  initDriver : - Launching browser: chrome
INFO  2026-Apr-20 10:49:28  initDriver : - Launching browser: edge
INFO  2026-Apr-20 10:49:28  initDriver : - Launching browser: firefox
INFO  2026-Apr-20 11:10:54  <init> : - Initializing browser: 
INFO  2026-Apr-20 11:10:54  initDriver : - Running on OS: null
INFO  2026-Apr-20 11:10:54  initDriver : - Launching browser: null
INFO  2026-Apr-20 11:15:36  <init> : - OS: windows
INFO  2026-Apr-20 11:15:36  <init> : - Browser: chrome
INFO  2026-Apr-20 11:15:36  initDriver : - Running on OS: windows
INFO  2026-Apr-20 11:15:36  initDriver : - Launching browser: chrome
INFO  2026-Apr-20 11:15:41  setUpBrowser : - Navigated to url: https://tutorialsninja.com/demo/index.php
INFO  2026-Apr-20 11:15:41  verifyAccountRegistration : - Test case: Register to account as a new user! 
INFO  2026-Apr-20 11:15:41  verifyAccountRegistration : - Navigated to Home page: 
INFO  2026-Apr-20 11:15:41  clickOnMyAccount : - Click MyAccount: [[ChromeDriver: chrome on windows (cb12f533616e7033d0d51de9e3442b33)] -> xpath: //span[text() = 'My Account']]
INFO  2026-Apr-20 11:15:41  clickOnRegisterLink : - Click Register link: [[ChromeDriver: chrome on windows (cb12f533616e7033d0d51de9e3442b33)] -> xpath: //a[normalize-space() = 'Register']]
INFO  2026-Apr-20 11:15:42  verifyAccountRegistration : - Navigated to Account Register Page:
INFO  2026-Apr-20 11:15:42  setFirstName : - Entered FirstName: [[ChromeDriver: chrome on windows (cb12f533616e7033d0d51de9e3442b33)] -> id: input-firstname]
INFO  2026-Apr-20 11:15:42  setLastName : - Entered LastName: [[ChromeDriver: chrome on windows (cb12f533616e7033d0d51de9e3442b33)] -> name: lastname]
INFO  2026-Apr-20 11:15:43  setEmail : - Entered email: [[ChromeDriver: chrome on windows (cb12f533616e7033d0d51de9e3442b33)] -> id: input-email]
INFO  2026-Apr-20 11:15:43  setTelephoneNumber : - Entered telephoneNumber: [[ChromeDriver: chrome on windows (cb12f533616e7033d0d51de9e3442b33)] -> xpath: //input[@type= 'tel']]
INFO  2026-Apr-20 11:15:43  setPassword : - Entered password: [[ChromeDriver: chrome on windows (cb12f533616e7033d0d51de9e3442b33)] -> xpath: //input[@placeholder= 'Password']]
INFO  2026-Apr-20 11:15:43  setPasswordConfirm : - Entered passwordConfirm: [[ChromeDriver: chrome on windows (cb12f533616e7033d0d51de9e3442b33)] -> css selector: input#input-confirm]
INFO  2026-Apr-20 11:15:43  selectPrivacyPolicy : - Checked Privacy policy: [[ChromeDriver: chrome on windows (cb12f533616e7033d0d51de9e3442b33)] -> id: input-firstname]
INFO  2026-Apr-20 11:16:00  clickContinue : - Click Continue button: Proxy element for: DefaultElementLocator 'By.id: input-firstname'
INFO  2026-Apr-20 11:16:00  getMessage : - Fetching response message: 
INFO  2026-Apr-20 11:16:00  verifyAccountRegistration : - Created new account with username: Tim2
INFO  2026-Apr-20 11:16:00  tearDown : - Closing the browser
INFO  2026-Apr-20 11:29:53  initDriver : - Running on OS: windows
INFO  2026-Apr-20 11:29:53  initDriver : - Launching browser: chrome
INFO  2026-Apr-20 11:29:58  setUpBrowser : - Navigated to url: https://tutorialsninja.com/demo/index.php
INFO  2026-Apr-20 11:29:58  verifyAccountRegistration : - Test case: Register to account as a new user! 
INFO  2026-Apr-20 11:29:58  verifyAccountRegistration : - Navigated to Home page: 
INFO  2026-Apr-20 11:29:58  clickOnMyAccount : - Click MyAccount: [[ChromeDriver: chrome on windows (9cdc8440e4898a3bf368ef7fbdc3d7fc)] -> xpath: //span[text() = 'My Account']]
INFO  2026-Apr-20 11:29:58  clickOnRegisterLink : - Click Register link: [[ChromeDriver: chrome on windows (9cdc8440e4898a3bf368ef7fbdc3d7fc)] -> xpath: //a[normalize-space() = 'Register']]
INFO  2026-Apr-20 11:29:58  verifyAccountRegistration : - Navigated to Account Register Page:
INFO  2026-Apr-20 11:29:59  setFirstName : - Entered FirstName: [[ChromeDriver: chrome on windows (9cdc8440e4898a3bf368ef7fbdc3d7fc)] -> id: input-firstname]
INFO  2026-Apr-20 11:29:59  setLastName : - Entered LastName: [[ChromeDriver: chrome on windows (9cdc8440e4898a3bf368ef7fbdc3d7fc)] -> name: lastname]
INFO  2026-Apr-20 11:29:59  setEmail : - Entered email: [[ChromeDriver: chrome on windows (9cdc8440e4898a3bf368ef7fbdc3d7fc)] -> id: input-email]
INFO  2026-Apr-20 11:29:59  setTelephoneNumber : - Entered telephoneNumber: [[ChromeDriver: chrome on windows (9cdc8440e4898a3bf368ef7fbdc3d7fc)] -> xpath: //input[@type= 'tel']]
INFO  2026-Apr-20 11:29:59  setPassword : - Entered password: [[ChromeDriver: chrome on windows (9cdc8440e4898a3bf368ef7fbdc3d7fc)] -> xpath: //input[@placeholder= 'Password']]
INFO  2026-Apr-20 11:29:59  setPasswordConfirm : - Entered passwordConfirm: [[ChromeDriver: chrome on windows (9cdc8440e4898a3bf368ef7fbdc3d7fc)] -> css selector: input#input-confirm]
INFO  2026-Apr-20 11:30:00  selectPrivacyPolicy : - Checked Privacy policy: [[ChromeDriver: chrome on windows (9cdc8440e4898a3bf368ef7fbdc3d7fc)] -> id: input-firstname]
INFO  2026-Apr-20 11:30:17  clickContinue : - Click Continue button: Proxy element for: DefaultElementLocator 'By.id: input-firstname'
INFO  2026-Apr-20 11:30:17  getMessage : - Fetching response message: 
INFO  2026-Apr-20 11:30:18  verifyAccountRegistration : - Created new account with username: Tim2
INFO  2026-Apr-20 11:30:18  tearDown : - Closing the browser
INFO  2026-Apr-20 14:32:46  initDriver : - Running on OS: windows
INFO  2026-Apr-20 14:32:46  initDriver : - Launching browser: chrome
INFO  2026-Apr-20 14:32:50  setUpBrowser : - Navigated to url: https://tutorialsninja.com/demo/index.php
INFO  2026-Apr-20 14:32:50  verifyLogin : - Login test case: 
INFO  2026-Apr-20 14:32:50  clickOnMyAccount : - Click MyAccount: [[ChromeDriver: chrome on windows (2bc1b908f205fe83df8cac1c8253b329)] -> xpath: //span[text() = 'My Account']]
INFO  2026-Apr-20 14:32:51  clickLogin : - Click on Login : [[ChromeDriver: chrome on windows (2bc1b908f205fe83df8cac1c8253b329)] -> xpath: //a[text()='Login']]
INFO  2026-Apr-20 14:32:51  verifyLogin : - logging into account: 
INFO  2026-Apr-20 14:32:51  setEmail : - username(email): adminopencart@gmail.com
INFO  2026-Apr-20 14:32:51  setPassword : - Password: admin@123
INFO  2026-Apr-20 14:32:51  clickLogin : - click login button [[ChromeDriver: chrome on windows (2bc1b908f205fe83df8cac1c8253b329)] -> xpath: //input[@type='submit']]
INFO  2026-Apr-20 14:32:52  tearDown : - Closing the browser
INFO  2026-Apr-20 15:37:23  initDriver : - Running on OS: windows
INFO  2026-Apr-20 15:37:23  initDriver : - Launching browser: chrome
INFO  2026-Apr-20 15:37:27  setUpBrowser : - Navigated to url: https://tutorialsninja.com/demo/index.php
INFO  2026-Apr-20 15:37:27  verifyLogin : - Login test case: 
INFO  2026-Apr-20 15:37:27  clickOnMyAccount : - Click MyAccount: [[ChromeDriver: chrome on windows (9d6cdbc4f0c3bd8449fcd6f5f049a85a)] -> xpath: //span[text() = 'My Account']]
INFO  2026-Apr-20 15:37:28  clickLogin : - Click on Login : [[ChromeDriver: chrome on windows (9d6cdbc4f0c3bd8449fcd6f5f049a85a)] -> xpath: //a[text()='Login']]
INFO  2026-Apr-20 15:37:28  verifyLogin : - logging into account: 
INFO  2026-Apr-20 15:37:28  setEmail : - username(email): adminopencart@gmail.com
INFO  2026-Apr-20 15:37:28  setPassword : - Password: Admin@123
INFO  2026-Apr-20 15:37:28  clickLogin : - click login button [[ChromeDriver: chrome on windows (9d6cdbc4f0c3bd8449fcd6f5f049a85a)] -> xpath: //input[@type='submit']]
INFO  2026-Apr-20 15:37:49  initDriver : - Running on OS: windows
INFO  2026-Apr-20 15:37:49  initDriver : - Launching browser: chrome
INFO  2026-Apr-20 15:37:53  setUpBrowser : - Navigated to url: https://tutorialsninja.com/demo/index.php
INFO  2026-Apr-20 15:37:53  verifyLogin : - Login test case: 
INFO  2026-Apr-20 15:37:53  clickOnMyAccount : - Click MyAccount: [[ChromeDriver: chrome on windows (3d82f20baae875d131954120c6fba1e4)] -> xpath: //span[text() = 'My Account']]
INFO  2026-Apr-20 15:37:53  clickLogin : - Click on Login : [[ChromeDriver: chrome on windows (3d82f20baae875d131954120c6fba1e4)] -> xpath: //a[text()='Login']]
INFO  2026-Apr-20 15:37:53  verifyLogin : - logging into account: 
INFO  2026-Apr-20 15:37:53  setEmail : - username(email): adminopencart@gmail.com
INFO  2026-Apr-20 15:37:53  setPassword : - Password: Admin@123
INFO  2026-Apr-20 15:37:53  clickLogin : - click login button [[ChromeDriver: chrome on windows (3d82f20baae875d131954120c6fba1e4)] -> xpath: //input[@type='submit']]
INFO  2026-Apr-20 15:38:09  tearDown : - Closing the browser
INFO  2026-Apr-20 15:38:20  initDriver : - Running on OS: windows
INFO  2026-Apr-20 15:38:20  initDriver : - Launching browser: chrome
INFO  2026-Apr-20 15:38:23  setUpBrowser : - Navigated to url: https://tutorialsninja.com/demo/index.php
INFO  2026-Apr-20 15:38:23  verifyLogin : - Login test case: 
INFO  2026-Apr-20 15:38:23  clickOnMyAccount : - Click MyAccount: [[ChromeDriver: chrome on windows (550e85f35f5d1c0ab892e143e64d1c6d)] -> xpath: //span[text() = 'My Account']]
INFO  2026-Apr-20 15:38:23  clickLogin : - Click on Login : [[ChromeDriver: chrome on windows (550e85f35f5d1c0ab892e143e64d1c6d)] -> xpath: //a[text()='Login']]
INFO  2026-Apr-20 15:38:24  verifyLogin : - logging into account: 
INFO  2026-Apr-20 15:38:24  setEmail : - username(email): adminopencart@gmail.com
INFO  2026-Apr-20 15:38:24  setPassword : - Password: Admin@123
INFO  2026-Apr-20 15:38:24  clickLogin : - click login button [[ChromeDriver: chrome on windows (550e85f35f5d1c0ab892e143e64d1c6d)] -> xpath: //input[@type='submit']]
INFO  2026-Apr-20 15:38:25  isMyAccountHeaderPresent : - My account header present: 
INFO  2026-Apr-20 15:38:25  verifyLogin : - Logged in successfully: 
INFO  2026-Apr-20 15:38:25  tearDown : - Closing the browser
INFO  2026-Apr-20 17:59:11  initDriver : - Running on OS: windows
INFO  2026-Apr-20 17:59:11  initDriver : - Launching browser: chrome
INFO  2026-Apr-20 17:59:18  setUpBrowser : - Navigated to url: https://tutorialsninja.com/demo/index.php
INFO  2026-Apr-20 17:59:20  tearDown : - Closing the browser
INFO  2026-Apr-20 17:59:36  initDriver : - Running on OS: windows
INFO  2026-Apr-20 17:59:36  initDriver : - Launching browser: chrome
INFO  2026-Apr-20 17:59:41  setUpBrowser : - Navigated to url: https://tutorialsninja.com/demo/index.php
INFO  2026-Apr-20 17:59:42  tearDown : - Closing the browser
INFO  2026-Apr-20 18:00:11  initDriver : - Running on OS: windows
INFO  2026-Apr-20 18:00:11  initDriver : - Launching browser: chrome
INFO  2026-Apr-20 18:00:16  setUpBrowser : - Navigated to url: https://tutorialsninja.com/demo/index.php
INFO  2026-Apr-20 18:00:17  tearDown : - Closing the browser
INFO  2026-Apr-20 18:01:17  initDriver : - Running on OS: windows
INFO  2026-Apr-20 18:01:17  initDriver : - Launching browser: chrome
INFO  2026-Apr-20 18:01:21  setUpBrowser : - Navigated to url: https://tutorialsninja.com/demo/index.php
INFO  2026-Apr-20 18:01:22  tearDown : - Closing the browser
INFO  2026-Apr-20 18:03:42  initDriver : - Running on OS: windows
INFO  2026-Apr-20 18:03:42  initDriver : - Launching browser: chrome
INFO  2026-Apr-20 18:03:47  setUpBrowser : - Navigated to url: https://tutorialsninja.com/demo/index.php
INFO  2026-Apr-20 18:03:49  tearDown : - Closing the browser
INFO  2026-Apr-20 18:04:39  initDriver : - Running on OS: windows
INFO  2026-Apr-20 18:04:39  initDriver : - Launching browser: chrome
INFO  2026-Apr-20 18:04:43  setUpBrowser : - Navigated to url: https://tutorialsninja.com/demo/index.php
INFO  2026-Apr-20 18:04:45  tearDown : - Closing the browser
INFO  2026-Apr-20 18:05:49  initDriver : - Running on OS: windows
INFO  2026-Apr-20 18:05:49  initDriver : - Launching browser: chrome
INFO  2026-Apr-20 18:05:54  setUpBrowser : - Navigated to url: https://tutorialsninja.com/demo/index.php
INFO  2026-Apr-20 18:05:56  tearDown : - Closing the browser
INFO  2026-Apr-20 18:10:03  initDriver : - Running on OS: windows
INFO  2026-Apr-20 18:10:03  initDriver : - Launching browser: chrome
INFO  2026-Apr-20 18:10:09  setUpBrowser : - Navigated to url: https://tutorialsninja.com/demo/index.php
INFO  2026-Apr-20 18:10:11  tearDown : - Closing the browser
INFO  2026-Apr-20 18:12:21  initDriver : - Running on OS: windows
INFO  2026-Apr-20 18:12:21  initDriver : - Launching browser: chrome
INFO  2026-Apr-20 18:12:26  setUpBrowser : - Navigated to url: https://tutorialsninja.com/demo/index.php
INFO  2026-Apr-20 18:12:28  tearDown : - Closing the browser
INFO  2026-Apr-20 18:14:16  initDriver : - Running on OS: windows
INFO  2026-Apr-20 18:14:16  initDriver : - Launching browser: chrome
INFO  2026-Apr-20 18:14:21  setUpBrowser : - Navigated to url: https://tutorialsninja.com/demo/index.php
INFO  2026-Apr-20 18:14:23  verifyLoginWithInvalidScenarios : - Login test case: 
INFO  2026-Apr-20 18:14:23  clickOnMyAccount : - Click MyAccount: [[ChromeDriver: chrome on windows (246873bd510820c922e54a89f1e50434)] -> xpath: //span[text() = 'My Account']]
INFO  2026-Apr-20 18:14:23  clickLogin : - Click on Login : [[ChromeDriver: chrome on windows (246873bd510820c922e54a89f1e50434)] -> xpath: //a[text()='Login']]
INFO  2026-Apr-20 18:14:23  verifyLoginWithInvalidScenarios : - logging into account: 
INFO  2026-Apr-20 18:14:23  setEmail : - username(email): adminopencart@gmail.com
INFO  2026-Apr-20 18:14:24  setPassword : - Password: Admin@123
INFO  2026-Apr-20 18:14:24  clickLogin : - click login button [[ChromeDriver: chrome on windows (246873bd510820c922e54a89f1e50434)] -> xpath: //input[@type='submit']]
INFO  2026-Apr-20 18:14:25  isMyAccountHeaderPresent : - My account header present: 
INFO  2026-Apr-20 18:14:25  verifyLoginWithInvalidScenarios : - Logged in successfully: 
INFO  2026-Apr-20 18:14:25  clickLogOut : - Logout from My Account page: 
INFO  2026-Apr-20 18:14:26  verifyLoginWithInvalidScenarios : - Login test case: 
INFO  2026-Apr-20 18:14:26  clickOnMyAccount : - Click MyAccount: [[ChromeDriver: chrome on windows (246873bd510820c922e54a89f1e50434)] -> xpath: //span[text() = 'My Account']]
INFO  2026-Apr-20 18:14:26  clickLogin : - Click on Login : [[ChromeDriver: chrome on windows (246873bd510820c922e54a89f1e50434)] -> xpath: //a[text()='Login']]
INFO  2026-Apr-20 18:14:27  verifyLoginWithInvalidScenarios : - logging into account: 
INFO  2026-Apr-20 18:14:27  setEmail : - username(email): admincart@gmail.com
INFO  2026-Apr-20 18:14:27  setPassword : - Password: Admin@123
INFO  2026-Apr-20 18:14:27  clickLogin : - click login button [[ChromeDriver: chrome on windows (246873bd510820c922e54a89f1e50434)] -> xpath: //input[@type='submit']]
INFO  2026-Apr-20 18:14:28  getErrorMessage : - Fetching response message: 
INFO  2026-Apr-20 18:14:28  verifyLoginWithInvalidScenarios : - Login test case: 
INFO  2026-Apr-20 18:14:28  clickOnMyAccount : - Click MyAccount: [[ChromeDriver: chrome on windows (246873bd510820c922e54a89f1e50434)] -> xpath: //span[text() = 'My Account']]
INFO  2026-Apr-20 18:14:28  clickLogin : - Click on Login : [[ChromeDriver: chrome on windows (246873bd510820c922e54a89f1e50434)] -> xpath: //a[text()='Login']]
INFO  2026-Apr-20 18:14:29  verifyLoginWithInvalidScenarios : - logging into account: 
INFO  2026-Apr-20 18:14:29  setEmail : - username(email): adminopencart@gmail.com
INFO  2026-Apr-20 18:14:29  setPassword : - Password: AdminOpenCart@123
INFO  2026-Apr-20 18:14:29  clickLogin : - click login button [[ChromeDriver: chrome on windows (246873bd510820c922e54a89f1e50434)] -> xpath: //input[@type='submit']]
INFO  2026-Apr-20 18:14:30  getErrorMessage : - Fetching response message: 
INFO  2026-Apr-20 18:14:30  verifyLoginWithInvalidScenarios : - Login test case: 
INFO  2026-Apr-20 18:14:30  clickOnMyAccount : - Click MyAccount: [[ChromeDriver: chrome on windows (246873bd510820c922e54a89f1e50434)] -> xpath: //span[text() = 'My Account']]
INFO  2026-Apr-20 18:14:30  clickLogin : - Click on Login : [[ChromeDriver: chrome on windows (246873bd510820c922e54a89f1e50434)] -> xpath: //a[text()='Login']]
INFO  2026-Apr-20 18:14:31  verifyLoginWithInvalidScenarios : - logging into account: 
INFO  2026-Apr-20 18:14:31  setEmail : - username(email): admincart@gmail.com
INFO  2026-Apr-20 18:14:31  setPassword : - Password: AdminOpenCart@123
INFO  2026-Apr-20 18:14:31  clickLogin : - click login button [[ChromeDriver: chrome on windows (246873bd510820c922e54a89f1e50434)] -> xpath: //input[@type='submit']]
INFO  2026-Apr-20 18:14:32  getErrorMessage : - Fetching response message: 
INFO  2026-Apr-20 18:14:32  verifyLoginWithInvalidScenarios : - Login test case: 
INFO  2026-Apr-20 18:14:32  clickOnMyAccount : - Click MyAccount: [[ChromeDriver: chrome on windows (246873bd510820c922e54a89f1e50434)] -> xpath: //span[text() = 'My Account']]
INFO  2026-Apr-20 18:14:33  clickLogin : - Click on Login : [[ChromeDriver: chrome on windows (246873bd510820c922e54a89f1e50434)] -> xpath: //a[text()='Login']]
INFO  2026-Apr-20 18:14:33  verifyLoginWithInvalidScenarios : - logging into account: 
INFO  2026-Apr-20 18:14:33  setEmail : - username(email): 
INFO  2026-Apr-20 18:14:33  setPassword : - Password: 
INFO  2026-Apr-20 18:14:33  clickLogin : - click login button [[ChromeDriver: chrome on windows (246873bd510820c922e54a89f1e50434)] -> xpath: //input[@type='submit']]
INFO  2026-Apr-20 18:14:35  getErrorMessage : - Fetching response message: 
INFO  2026-Apr-20 18:14:35  tearDown : - Closing the browser
INFO  2026-Apr-20 18:16:28  initDriver : - Running on OS: windows
INFO  2026-Apr-20 18:16:28  initDriver : - Launching browser: chrome
INFO  2026-Apr-20 18:16:33  setUpBrowser : - Navigated to url: https://tutorialsninja.com/demo/index.php
INFO  2026-Apr-20 18:16:34  verifyLoginWithInvalidScenarios : - Login test case: 
INFO  2026-Apr-20 18:16:35  clickOnMyAccount : - Click MyAccount: [[ChromeDriver: chrome on windows (b1d530952f9a043463de448e47876cd5)] -> xpath: //span[text() = 'My Account']]
INFO  2026-Apr-20 18:16:35  clickLogin : - Click on Login : [[ChromeDriver: chrome on windows (b1d530952f9a043463de448e47876cd5)] -> xpath: //a[text()='Login']]
INFO  2026-Apr-20 18:16:36  verifyLoginWithInvalidScenarios : - logging into account: 
INFO  2026-Apr-20 18:16:36  setEmail : - username(email): adminopencart@gmail.com
INFO  2026-Apr-20 18:16:36  setPassword : - Password: Admin@123
INFO  2026-Apr-20 18:16:36  clickLogin : - click login button [[ChromeDriver: chrome on windows (b1d530952f9a043463de448e47876cd5)] -> xpath: //input[@type='submit']]
INFO  2026-Apr-20 18:16:37  isMyAccountHeaderPresent : - My account header present: 
INFO  2026-Apr-20 18:16:37  verifyLoginWithInvalidScenarios : - Logged in successfully: 
INFO  2026-Apr-20 18:16:37  clickLogOut : - Logout from My Account page: 
INFO  2026-Apr-20 18:16:38  verifyLoginWithInvalidScenarios : - Login test case: 
INFO  2026-Apr-20 18:16:38  clickOnMyAccount : - Click MyAccount: [[ChromeDriver: chrome on windows (b1d530952f9a043463de448e47876cd5)] -> xpath: //span[text() = 'My Account']]
INFO  2026-Apr-20 18:16:38  clickLogin : - Click on Login : [[ChromeDriver: chrome on windows (b1d530952f9a043463de448e47876cd5)] -> xpath: //a[text()='Login']]
INFO  2026-Apr-20 18:16:39  verifyLoginWithInvalidScenarios : - logging into account: 
INFO  2026-Apr-20 18:16:39  setEmail : - username(email): admincart@gmail.com
INFO  2026-Apr-20 18:16:39  setPassword : - Password: Admin@123
INFO  2026-Apr-20 18:16:39  clickLogin : - click login button [[ChromeDriver: chrome on windows (b1d530952f9a043463de448e47876cd5)] -> xpath: //input[@type='submit']]
INFO  2026-Apr-20 18:16:39  getErrorMessage : - Fetching response message: 
INFO  2026-Apr-20 18:16:40  verifyLoginWithInvalidScenarios : - Logged in failed : Warning: No match for E-Mail Address and/or Password.
INFO  2026-Apr-20 18:16:40  verifyLoginWithInvalidScenarios : - Login test case: 
INFO  2026-Apr-20 18:16:40  clickOnMyAccount : - Click MyAccount: [[ChromeDriver: chrome on windows (b1d530952f9a043463de448e47876cd5)] -> xpath: //span[text() = 'My Account']]
INFO  2026-Apr-20 18:16:40  clickLogin : - Click on Login : [[ChromeDriver: chrome on windows (b1d530952f9a043463de448e47876cd5)] -> xpath: //a[text()='Login']]
INFO  2026-Apr-20 18:16:41  verifyLoginWithInvalidScenarios : - logging into account: 
INFO  2026-Apr-20 18:16:41  setEmail : - username(email): adminopencart@gmail.com
INFO  2026-Apr-20 18:16:41  setPassword : - Password: AdminOpenCart@123
INFO  2026-Apr-20 18:16:41  clickLogin : - click login button [[ChromeDriver: chrome on windows (b1d530952f9a043463de448e47876cd5)] -> xpath: //input[@type='submit']]
INFO  2026-Apr-20 18:16:41  getErrorMessage : - Fetching response message: 
INFO  2026-Apr-20 18:16:42  verifyLoginWithInvalidScenarios : - Logged in failed : Warning: No match for E-Mail Address and/or Password.
INFO  2026-Apr-20 18:16:42  verifyLoginWithInvalidScenarios : - Login test case: 
INFO  2026-Apr-20 18:16:42  clickOnMyAccount : - Click MyAccount: [[ChromeDriver: chrome on windows (b1d530952f9a043463de448e47876cd5)] -> xpath: //span[text() = 'My Account']]
INFO  2026-Apr-20 18:16:42  clickLogin : - Click on Login : [[ChromeDriver: chrome on windows (b1d530952f9a043463de448e47876cd5)] -> xpath: //a[text()='Login']]
INFO  2026-Apr-20 18:16:43  verifyLoginWithInvalidScenarios : - logging into account: 
INFO  2026-Apr-20 18:16:43  setEmail : - username(email): admincart@gmail.com
INFO  2026-Apr-20 18:16:43  setPassword : - Password: AdminOpenCart@123
INFO  2026-Apr-20 18:16:43  clickLogin : - click login button [[ChromeDriver: chrome on windows (b1d530952f9a043463de448e47876cd5)] -> xpath: //input[@type='submit']]
INFO  2026-Apr-20 18:16:43  getErrorMessage : - Fetching response message: 
INFO  2026-Apr-20 18:16:44  verifyLoginWithInvalidScenarios : - Logged in failed : Warning: No match for E-Mail Address and/or Password.
INFO  2026-Apr-20 18:16:44  verifyLoginWithInvalidScenarios : - Login test case: 
INFO  2026-Apr-20 18:16:44  clickOnMyAccount : - Click MyAccount: [[ChromeDriver: chrome on windows (b1d530952f9a043463de448e47876cd5)] -> xpath: //span[text() = 'My Account']]
INFO  2026-Apr-20 18:16:44  clickLogin : - Click on Login : [[ChromeDriver: chrome on windows (b1d530952f9a043463de448e47876cd5)] -> xpath: //a[text()='Login']]
INFO  2026-Apr-20 18:16:44  verifyLoginWithInvalidScenarios : - logging into account: 
INFO  2026-Apr-20 18:16:44  setEmail : - username(email): 
INFO  2026-Apr-20 18:16:44  setPassword : - Password: 
INFO  2026-Apr-20 18:16:45  clickLogin : - click login button [[ChromeDriver: chrome on windows (b1d530952f9a043463de448e47876cd5)] -> xpath: //input[@type='submit']]
INFO  2026-Apr-20 18:16:45  getErrorMessage : - Fetching response message: 
INFO  2026-Apr-20 18:16:46  tearDown : - Closing the browser
INFO  2026-Apr-20 18:20:33  initDriver : - Running on OS: windows
INFO  2026-Apr-20 18:20:33  initDriver : - Launching browser: chrome
INFO  2026-Apr-20 18:20:37  setUpBrowser : - Navigated to url: https://tutorialsninja.com/demo/index.php
INFO  2026-Apr-20 18:20:38  verifyLoginWithInvalidScenarios : - Login test case: 
INFO  2026-Apr-20 18:20:39  clickOnMyAccount : - Click MyAccount: [[ChromeDriver: chrome on windows (3cb6c0521fae1e88d1e73c69d1f0de8f)] -> xpath: //span[text() = 'My Account']]
INFO  2026-Apr-20 18:20:39  clickLogin : - Click on Login : [[ChromeDriver: chrome on windows (3cb6c0521fae1e88d1e73c69d1f0de8f)] -> xpath: //a[text()='Login']]
INFO  2026-Apr-20 18:20:39  verifyLoginWithInvalidScenarios : - logging into account: 
INFO  2026-Apr-20 18:20:39  setEmail : - username(email): adminopencart@gmail.com
INFO  2026-Apr-20 18:20:39  setPassword : - Password: Admin@123
INFO  2026-Apr-20 18:20:40  clickLogin : - click login button [[ChromeDriver: chrome on windows (3cb6c0521fae1e88d1e73c69d1f0de8f)] -> xpath: //input[@type='submit']]
INFO  2026-Apr-20 18:20:41  isMyAccountHeaderPresent : - My account header present: 
INFO  2026-Apr-20 18:20:41  verifyLoginWithInvalidScenarios : - Logged in successfully: 
INFO  2026-Apr-20 18:20:41  clickLogOut : - Logout from My Account page: 
INFO  2026-Apr-20 18:20:41  verifyLoginWithInvalidScenarios : - Login test case: 
INFO  2026-Apr-20 18:20:41  clickOnMyAccount : - Click MyAccount: [[ChromeDriver: chrome on windows (3cb6c0521fae1e88d1e73c69d1f0de8f)] -> xpath: //span[text() = 'My Account']]
INFO  2026-Apr-20 18:20:42  clickLogin : - Click on Login : [[ChromeDriver: chrome on windows (3cb6c0521fae1e88d1e73c69d1f0de8f)] -> xpath: //a[text()='Login']]
INFO  2026-Apr-20 18:20:42  verifyLoginWithInvalidScenarios : - logging into account: 
INFO  2026-Apr-20 18:20:42  setEmail : - username(email): admincart@gmail.com
INFO  2026-Apr-20 18:20:42  setPassword : - Password: Admin@123
INFO  2026-Apr-20 18:20:42  clickLogin : - click login button [[ChromeDriver: chrome on windows (3cb6c0521fae1e88d1e73c69d1f0de8f)] -> xpath: //input[@type='submit']]
INFO  2026-Apr-20 18:20:43  getErrorMessage : - Fetching response message: 
INFO  2026-Apr-20 18:20:43  verifyLoginWithInvalidScenarios : - Login test case: 
INFO  2026-Apr-20 18:20:43  clickOnMyAccount : - Click MyAccount: [[ChromeDriver: chrome on windows (3cb6c0521fae1e88d1e73c69d1f0de8f)] -> xpath: //span[text() = 'My Account']]
INFO  2026-Apr-20 18:20:43  clickLogin : - Click on Login : [[ChromeDriver: chrome on windows (3cb6c0521fae1e88d1e73c69d1f0de8f)] -> xpath: //a[text()='Login']]
INFO  2026-Apr-20 18:20:44  verifyLoginWithInvalidScenarios : - logging into account: 
INFO  2026-Apr-20 18:20:44  setEmail : - username(email): adminopencart@gmail.com
INFO  2026-Apr-20 18:20:44  setPassword : - Password: AdminOpenCart@123
INFO  2026-Apr-20 18:20:44  clickLogin : - click login button [[ChromeDriver: chrome on windows (3cb6c0521fae1e88d1e73c69d1f0de8f)] -> xpath: //input[@type='submit']]
INFO  2026-Apr-20 18:20:45  getErrorMessage : - Fetching response message: 
INFO  2026-Apr-20 18:20:45  verifyLoginWithInvalidScenarios : - Logged in failed : Warning: No match for E-Mail Address and/or Password.
INFO  2026-Apr-20 18:20:45  verifyLoginWithInvalidScenarios : - Login test case: 
INFO  2026-Apr-20 18:20:45  clickOnMyAccount : - Click MyAccount: [[ChromeDriver: chrome on windows (3cb6c0521fae1e88d1e73c69d1f0de8f)] -> xpath: //span[text() = 'My Account']]
INFO  2026-Apr-20 18:20:45  clickLogin : - Click on Login : [[ChromeDriver: chrome on windows (3cb6c0521fae1e88d1e73c69d1f0de8f)] -> xpath: //a[text()='Login']]
INFO  2026-Apr-20 18:20:46  verifyLoginWithInvalidScenarios : - logging into account: 
INFO  2026-Apr-20 18:20:46  setEmail : - username(email): admincart@gmail.com
INFO  2026-Apr-20 18:20:46  setPassword : - Password: AdminOpenCart@123
INFO  2026-Apr-20 18:20:46  clickLogin : - click login button [[ChromeDriver: chrome on windows (3cb6c0521fae1e88d1e73c69d1f0de8f)] -> xpath: //input[@type='submit']]
INFO  2026-Apr-20 18:20:46  getErrorMessage : - Fetching response message: 
INFO  2026-Apr-20 18:20:46  tearDown : - Closing the browser
INFO  2026-Apr-20 19:00:45  initDriver : - Running on OS: windows
INFO  2026-Apr-20 19:00:45  initDriver : - Launching browser: chrome
INFO  2026-Apr-20 19:00:50  setUpBrowser : - Navigated to url: https://tutorialsninja.com/demo/index.php
INFO  2026-Apr-20 19:00:52  verifyLoginWithInvalidScenarios : - Login test case: 
INFO  2026-Apr-20 19:00:52  clickOnMyAccount : - Click MyAccount: [[ChromeDriver: chrome on windows (c160e81ab5e6a36118e08b68c9d0a96f)] -> xpath: //span[text() = 'My Account']]
INFO  2026-Apr-20 19:00:52  clickLogin : - Click on Login : [[ChromeDriver: chrome on windows (c160e81ab5e6a36118e08b68c9d0a96f)] -> xpath: //a[text()='Login']]
INFO  2026-Apr-20 19:00:53  verifyLoginWithInvalidScenarios : - logging into account: 
INFO  2026-Apr-20 19:00:53  setEmail : - username(email): adminopencart@gmail.com
INFO  2026-Apr-20 19:00:53  setPassword : - Password: Admin@123
INFO  2026-Apr-20 19:00:53  clickLogin : - click login button [[ChromeDriver: chrome on windows (c160e81ab5e6a36118e08b68c9d0a96f)] -> xpath: //input[@type='submit']]
INFO  2026-Apr-20 19:00:54  isMyAccountHeaderPresent : - My account header present: 
INFO  2026-Apr-20 19:00:54  verifyLoginWithInvalidScenarios : - Logged in successfully: 
INFO  2026-Apr-20 19:00:54  clickLogOut : - Logout from My Account page: 
INFO  2026-Apr-20 19:00:55  verifyLoginWithInvalidScenarios : - Login test case: 
INFO  2026-Apr-20 19:00:55  clickOnMyAccount : - Click MyAccount: [[ChromeDriver: chrome on windows (c160e81ab5e6a36118e08b68c9d0a96f)] -> xpath: //span[text() = 'My Account']]
INFO  2026-Apr-20 19:00:55  clickLogin : - Click on Login : [[ChromeDriver: chrome on windows (c160e81ab5e6a36118e08b68c9d0a96f)] -> xpath: //a[text()='Login']]
INFO  2026-Apr-20 19:00:55  verifyLoginWithInvalidScenarios : - logging into account: 
INFO  2026-Apr-20 19:00:55  setEmail : - username(email): admincart@gmail.com
INFO  2026-Apr-20 19:00:55  setPassword : - Password: Admin@123
INFO  2026-Apr-20 19:00:56  clickLogin : - click login button [[ChromeDriver: chrome on windows (c160e81ab5e6a36118e08b68c9d0a96f)] -> xpath: //input[@type='submit']]
INFO  2026-Apr-20 19:00:56  getErrorMessage : - Fetching response message: 
INFO  2026-Apr-20 19:00:56  verifyLoginWithInvalidScenarios : - Login test case: 
INFO  2026-Apr-20 19:00:56  clickOnMyAccount : - Click MyAccount: [[ChromeDriver: chrome on windows (c160e81ab5e6a36118e08b68c9d0a96f)] -> xpath: //span[text() = 'My Account']]
INFO  2026-Apr-20 19:00:56  clickLogin : - Click on Login : [[ChromeDriver: chrome on windows (c160e81ab5e6a36118e08b68c9d0a96f)] -> xpath: //a[text()='Login']]
INFO  2026-Apr-20 19:00:57  verifyLoginWithInvalidScenarios : - logging into account: 
INFO  2026-Apr-20 19:00:57  setEmail : - username(email): adminopencart@gmail.com
INFO  2026-Apr-20 19:00:57  setPassword : - Password: AdminOpenCart@123
INFO  2026-Apr-20 19:00:57  clickLogin : - click login button [[ChromeDriver: chrome on windows (c160e81ab5e6a36118e08b68c9d0a96f)] -> xpath: //input[@type='submit']]
INFO  2026-Apr-20 19:00:58  getErrorMessage : - Fetching response message: 
INFO  2026-Apr-20 19:00:58  verifyLoginWithInvalidScenarios : - Logged in failed : Warning: No match for E-Mail Address and/or Password.
INFO  2026-Apr-20 19:00:58  verifyLoginWithInvalidScenarios : - Login test case: 
INFO  2026-Apr-20 19:00:58  clickOnMyAccount : - Click MyAccount: [[ChromeDriver: chrome on windows (c160e81ab5e6a36118e08b68c9d0a96f)] -> xpath: //span[text() = 'My Account']]
INFO  2026-Apr-20 19:00:58  clickLogin : - Click on Login : [[ChromeDriver: chrome on windows (c160e81ab5e6a36118e08b68c9d0a96f)] -> xpath: //a[text()='Login']]
INFO  2026-Apr-20 19:00:58  verifyLoginWithInvalidScenarios : - logging into account: 
INFO  2026-Apr-20 19:00:58  setEmail : - username(email): admincart@gmail.com
INFO  2026-Apr-20 19:00:58  setPassword : - Password: AdminOpenCart@123
INFO  2026-Apr-20 19:00:59  clickLogin : - click login button [[ChromeDriver: chrome on windows (c160e81ab5e6a36118e08b68c9d0a96f)] -> xpath: //input[@type='submit']]
INFO  2026-Apr-20 19:00:59  getErrorMessage : - Fetching response message: 
INFO  2026-Apr-20 19:00:59  tearDown : - Closing the browser
